============================= test session starts =============================
platform win32 -- Python 3.13.14, pytest-9.1.1, pluggy-1.6.0 -- C:\Users\khang\Downloads\gitlabVin\K4-DAY07-D-ng-t-Khang-2A202602624\.venv\Scripts\python.exe
cachedir: .pytest_cache
rootdir: C:\Users\khang\Downloads\gitlabVin\K4-DAY07-D-ng-t-Khang-2A202602624
collecting ... collected 50 items

tests/test_document_io.py::test_frontmatter_is_metadata_not_retrieval_content PASSED [  2%]
tests/test_document_io.py::test_plain_document_still_loads PASSED        [  4%]
tests/test_document_io.py::test_broken_frontmatter_fails_explicitly PASSED [  6%]
tests/test_solution.py::TestProjectStructure::test_root_main_entrypoint_exists PASSED [  8%]
tests/test_solution.py::TestProjectStructure::test_src_package_exists PASSED [ 10%]
tests/test_solution.py::TestClassBasedInterfaces::test_chunker_classes_exist PASSED [ 12%]
tests/test_solution.py::TestClassBasedInterfaces::test_mock_embedder_exists PASSED [ 14%]
tests/test_solution.py::TestFixedSizeChunker::test_chunks_respect_size PASSED [ 16%]
tests/test_solution.py::TestFixedSizeChunker::test_correct_number_of_chunks_no_overlap PASSED [ 18%]
tests/test_solution.py::TestFixedSizeChunker::test_empty_text_returns_empty_list PASSED [ 20%]
tests/test_solution.py::TestFixedSizeChunker::test_no_overlap_no_shared_content PASSED [ 22%]
tests/test_solution.py::TestFixedSizeChunker::test_overlap_creates_shared_content PASSED [ 24%]
tests/test_solution.py::TestFixedSizeChunker::test_returns_list PASSED   [ 26%]
tests/test_solution.py::TestFixedSizeChunker::test_single_chunk_if_text_shorter PASSED [ 28%]
tests/test_solution.py::TestSentenceChunker::test_chunks_are_strings PASSED [ 30%]
tests/test_solution.py::TestSentenceChunker::test_respects_max_sentences PASSED [ 32%]
tests/test_solution.py::TestSentenceChunker::test_returns_list PASSED    [ 34%]
tests/test_solution.py::TestSentenceChunker::test_single_sentence_max_gives_many_chunks PASSED [ 36%]
tests/test_solution.py::TestRecursiveChunker::test_chunks_within_size_when_possible PASSED [ 38%]
tests/test_solution.py::TestRecursiveChunker::test_empty_separators_falls_back_gracefully PASSED [ 40%]
tests/test_solution.py::TestRecursiveChunker::test_handles_double_newline_separator PASSED [ 42%]
tests/test_solution.py::TestRecursiveChunker::test_returns_list PASSED   [ 44%]
tests/test_solution.py::TestEmbeddingStore::test_add_documents_increases_size PASSED [ 46%]
tests/test_solution.py::TestEmbeddingStore::test_add_more_increases_further PASSED [ 48%]
tests/test_solution.py::TestEmbeddingStore::test_initial_size_is_zero PASSED [ 50%]
tests/test_solution.py::TestEmbeddingStore::test_search_results_have_content_key PASSED [ 52%]
tests/test_solution.py::TestEmbeddingStore::test_search_results_have_score_key PASSED [ 54%]
tests/test_solution.py::TestEmbeddingStore::test_search_results_sorted_by_score_descending PASSED [ 56%]
tests/test_solution.py::TestEmbeddingStore::test_search_returns_at_most_top_k PASSED [ 58%]
tests/test_solution.py::TestEmbeddingStore::test_search_returns_list PASSED [ 60%]
tests/test_solution.py::TestKnowledgeBaseAgent::test_answer_non_empty PASSED [ 62%]
tests/test_solution.py::TestKnowledgeBaseAgent::test_answer_returns_string PASSED [ 64%]
tests/test_solution.py::TestComputeSimilarity::test_identical_vectors_return_1 PASSED [ 66%]
tests/test_solution.py::TestComputeSimilarity::test_opposite_vectors_return_minus_1 PASSED [ 68%]
tests/test_solution.py::TestComputeSimilarity::test_orthogonal_vectors_return_0 PASSED [ 70%]
tests/test_solution.py::TestComputeSimilarity::test_zero_vector_returns_0 PASSED [ 72%]
tests/test_solution.py::TestCompareChunkingStrategies::test_counts_are_positive PASSED [ 74%]
tests/test_solution.py::TestCompareChunkingStrategies::test_each_strategy_has_count_and_avg_length PASSED [ 76%]
tests/test_solution.py::TestCompareChunkingStrategies::test_returns_three_strategies PASSED [ 78%]
tests/test_solution.py::TestEmbeddingStoreSearchWithFilter::test_filter_by_department PASSED [ 80%]
tests/test_solution.py::TestEmbeddingStoreSearchWithFilter::test_no_filter_returns_all_candidates PASSED [ 82%]
tests/test_solution.py::TestEmbeddingStoreSearchWithFilter::test_returns_at_most_top_k PASSED [ 84%]
tests/test_solution.py::TestEmbeddingStoreDeleteDocument::test_delete_reduces_collection_size PASSED [ 86%]
tests/test_solution.py::TestEmbeddingStoreDeleteDocument::test_delete_returns_false_for_nonexistent_doc PASSED [ 88%]
tests/test_solution.py::TestEmbeddingStoreDeleteDocument::test_delete_returns_true_for_existing_doc PASSED [ 90%]
tests/test_store_agent_regressions.py::test_delete_all_chunks_preserves_explicit_parent_and_infers_suffix PASSED [ 92%]
tests/test_store_agent_regressions.py::test_metadata_isolated_from_caller_and_search_results PASSED [ 94%]
tests/test_store_agent_regressions.py::test_filter_before_top_k_and_no_filter_equivalence PASSED [ 96%]
tests/test_store_agent_regressions.py::test_empty_store_does_not_call_embedder_or_llm PASSED [ 98%]
tests/test_store_agent_regressions.py::test_agent_prompt_has_traceable_chunks_and_grounding PASSED [100%]

============================= 50 passed in 0.14s ==============================
